<?xml version="1.0" encoding="UTF-8"?>
<!-- Generated by org.testng.reporters.JUnitReportReporter -->
<testsuite hostname="DESKTOP-V79DE0I" failures="0" tests="2" name="TestNG.pack1.Class1" time="0.001" errors="0" timestamp="2023-01-24T13:12:48 CET" skipped="0">
  <testcase classname="TestNG.pack1.Class1" name="abc" time="0.000"/>
  <system-out/>
  <testcase classname="TestNG.pack1.Class1" name="abc" time="0.001"/>
  <system-out/>
</testsuite> <!-- TestNG.pack1.Class1 -->
