<?xml version="1.0" encoding="UTF-8"?>
<!-- Generated by org.testng.reporters.JUnitReportReporter -->
<testsuite hostname="DESKTOP-V79DE0I" failures="0" tests="2" name="TestNG.Annotations" time="0.024" errors="0" timestamp="2023-01-24T12:28:49 CET" skipped="0">
  <testcase classname="TestNG.Annotations" name="search" time="0.018"/>
  <system-out/>
  <testcase classname="TestNG.Annotations" name="advancedSearch" time="0.006"/>
  <system-out/>
</testsuite> <!-- TestNG.Annotations -->
