<?xml version="1.0" encoding="UTF-8"?>
<!-- Generated by org.testng.reporters.JUnitReportReporter -->
<testsuite hostname="DESKTOP-8DT38I0" failures="0" tests="1" name="TestNG.SecondTest" time="2.327" errors="0" timestamp="2023-01-23T22:36:49 CET" skipped="0">
  <testcase classname="TestNG.SecondTest" name="login" time="2.327"/>
  <system-out/>
</testsuite> <!-- TestNG.SecondTest -->
