<?xml version="1.0" encoding="UTF-8"?>
<!-- Generated by org.testng.reporters.JUnitReportReporter -->
<testsuite hostname="DESKTOP-V79DE0I" failures="0" tests="2" name="TestNG.pack1.Class2" time="0.003" errors="0" timestamp="2023-01-24T13:12:48 CET" skipped="0">
  <testcase classname="TestNG.pack1.Class2" name="xyz" time="0.001"/>
  <system-out/>
  <testcase classname="TestNG.pack1.Class2" name="xyz" time="0.002"/>
  <system-out/>
</testsuite> <!-- TestNG.pack1.Class2 -->
